<?xml version="1.0" encoding="UTF-8"?>
<coverage generated="1667355256279" clover="3.2.0">
  <project timestamp="1667355256279" name="All files">
    <metrics statements="49" coveredstatements="46" conditionals="4" coveredconditionals="3" methods="16" coveredmethods="14" elements="69" coveredelements="63" complexity="0" loc="49" ncloc="49" packages="3" files="4" classes="4"/>
    <package name="config">
      <metrics statements="20" coveredstatements="17" conditionals="2" coveredconditionals="2" methods="6" coveredmethods="4"/>
      <file name="db.ts" path="C:\Users\sidne\Workspaces\LP2_2022_2\exemplo-dao-generico\src\config\db.ts">
        <metrics statements="20" coveredstatements="17" conditionals="2" coveredconditionals="2" methods="6" coveredmethods="4"/>
        <line num="1" count="1" type="stmt"/>
        <line num="2" count="1" type="stmt"/>
        <line num="5" count="1" type="stmt"/>
        <line num="7" count="1" type="stmt"/>
        <line num="15" count="1" type="stmt"/>
        <line num="16" count="1" type="stmt"/>
        <line num="18" count="1" type="stmt"/>
        <line num="19" count="1" type="stmt"/>
        <line num="22" count="1" type="stmt"/>
        <line num="30" count="1" type="stmt"/>
        <line num="39" count="1" type="stmt"/>
        <line num="41" count="0" type="stmt"/>
        <line num="44" count="1" type="stmt"/>
        <line num="45" count="1" type="stmt"/>
        <line num="48" count="6" type="stmt"/>
        <line num="49" count="6" type="cond" truecount="2" falsecount="0"/>
        <line num="53" count="6" type="stmt"/>
        <line num="56" count="1" type="stmt"/>
        <line num="57" count="0" type="stmt"/>
        <line num="58" count="0" type="stmt"/>
      </file>
    </package>
    <package name="models.dao">
      <metrics statements="23" coveredstatements="23" conditionals="2" coveredconditionals="1" methods="9" coveredmethods="9"/>
      <file name="GenericDAO.ts" path="C:\Users\sidne\Workspaces\LP2_2022_2\exemplo-dao-generico\src\models\dao\GenericDAO.ts">
        <metrics statements="23" coveredstatements="23" conditionals="2" coveredconditionals="1" methods="9" coveredmethods="9"/>
        <line num="1" count="1" type="stmt"/>
        <line num="4" count="1" type="stmt"/>
        <line num="9" count="1" type="stmt"/>
        <line num="10" count="1" type="stmt"/>
        <line num="14" count="3" type="stmt"/>
        <line num="15" count="3" type="stmt"/>
        <line num="17" count="6" type="stmt"/>
        <line num="19" count="6" type="stmt"/>
        <line num="23" count="3" type="stmt"/>
        <line num="24" count="3" type="stmt"/>
        <line num="25" count="3" type="cond" truecount="1" falsecount="1"/>
        <line num="29" count="1" type="stmt"/>
        <line num="30" count="1" type="stmt"/>
        <line num="32" count="1" type="stmt"/>
        <line num="33" count="1" type="stmt"/>
        <line num="34" count="3" type="stmt"/>
        <line num="35" count="3" type="stmt"/>
        <line num="36" count="3" type="stmt"/>
        <line num="39" count="1" type="stmt"/>
        <line num="43" count="6" type="stmt"/>
        <line num="47" count="3" type="stmt"/>
        <line num="48" count="6" type="stmt"/>
        <line num="49" count="3" type="stmt"/>
      </file>
    </package>
    <package name="models.entities">
      <metrics statements="6" coveredstatements="6" conditionals="0" coveredconditionals="0" methods="1" coveredmethods="1"/>
      <file name="Entity.ts" path="C:\Users\sidne\Workspaces\LP2_2022_2\exemplo-dao-generico\src\models\entities\Entity.ts">
        <metrics statements="1" coveredstatements="1" conditionals="0" coveredconditionals="0" methods="0" coveredmethods="0"/>
        <line num="1" count="1" type="stmt"/>
      </file>
      <file name="User.ts" path="C:\Users\sidne\Workspaces\LP2_2022_2\exemplo-dao-generico\src\models\entities\User.ts">
        <metrics statements="5" coveredstatements="5" conditionals="0" coveredconditionals="0" methods="1" coveredmethods="1"/>
        <line num="1" count="1" type="stmt"/>
        <line num="3" count="1" type="stmt"/>
        <line num="8" count="9" type="stmt"/>
        <line num="9" count="9" type="stmt"/>
        <line num="10" count="9" type="stmt"/>
      </file>
    </package>
  </project>
</coverage>
