{"C:\\Users\\sidne\\Workspaces\\LP2_2022_2\\exemplo-dao-generico\\src\\config\\db.ts": {"path":"C:\\Users\\sidne\\Workspaces\\LP2_2022_2\\exemplo-dao-generico\\src\\config\\db.ts","statementMap":{"0":{"start":{"line":1,"column":0},"end":{"line":1,"column":32}},"1":{"start":{"line":2,"column":0},"end":{"line":2,"column":25}},"2":{"start":{"line":5,"column":0},"end":{"line":5,"column":null}},"3":{"start":{"line":7,"column":16},"end":{"line":13,"column":2}},"4":{"start":{"line":15,"column":28},"end":{"line":46,"column":null}},"5":{"start":{"line":15,"column":39},"end":{"line":46,"column":null}},"6":{"start":{"line":16,"column":17},"end":{"line":16,"column":40}},"7":{"start":{"line":18,"column":2},"end":{"line":42,"column":null}},"8":{"start":{"line":19,"column":4},"end":{"line":19,"column":null}},"9":{"start":{"line":22,"column":4},"end":{"line":28,"column":null}},"10":{"start":{"line":30,"column":4},"end":{"line":37,"column":null}},"11":{"start":{"line":39,"column":4},"end":{"line":39,"column":null}},"12":{"start":{"line":41,"column":4},"end":{"line":41,"column":null}},"13":{"start":{"line":44,"column":2},"end":{"line":44,"column":null}},"14":{"start":{"line":45,"column":2},"end":{"line":45,"column":null}},"15":{"start":{"line":15,"column":13},"end":{"line":15,"column":28}},"16":{"start":{"line":48,"column":28},"end":{"line":54,"column":null}},"17":{"start":{"line":48,"column":68},"end":{"line":54,"column":null}},"18":{"start":{"line":49,"column":17},"end":{"line":51,"column":32}},"19":{"start":{"line":53,"column":2},"end":{"line":53,"column":null}},"20":{"start":{"line":48,"column":13},"end":{"line":48,"column":28}},"21":{"start":{"line":56,"column":0},"end":{"line":59,"column":null}},"22":{"start":{"line":56,"column":32},"end":{"line":59,"column":2}},"23":{"start":{"line":57,"column":2},"end":{"line":57,"column":null}},"24":{"start":{"line":58,"column":2},"end":{"line":58,"column":null}}},"fnMap":{"0":{"name":"(anonymous_7)","decl":{"start":{"line":15,"column":28},"end":{"line":15,"column":37}},"loc":{"start":{"line":15,"column":39},"end":{"line":46,"column":null}}},"1":{"name":"(anonymous_8)","decl":{"start":{"line":15,"column":39},"end":{"line":15,"column":null}},"loc":{"start":{"line":15,"column":39},"end":{"line":46,"column":1}}},"2":{"name":"(anonymous_9)","decl":{"start":{"line":48,"column":28},"end":{"line":48,"column":35}},"loc":{"start":{"line":48,"column":68},"end":{"line":54,"column":null}}},"3":{"name":"(anonymous_10)","decl":{"start":{"line":48,"column":68},"end":{"line":48,"column":null}},"loc":{"start":{"line":48,"column":68},"end":{"line":54,"column":1}}},"4":{"name":"(anonymous_11)","decl":{"start":{"line":56,"column":21},"end":{"line":56,"column":30}},"loc":{"start":{"line":56,"column":32},"end":{"line":59,"column":2}}},"5":{"name":"(anonymous_12)","decl":{"start":{"line":56,"column":32},"end":{"line":56,"column":null}},"loc":{"start":{"line":56,"column":32},"end":{"line":59,"column":1}}}},"branchMap":{"0":{"loc":{"start":{"line":49,"column":17},"end":{"line":51,"column":32}},"type":"cond-expr","locations":[{"start":{"line":50,"column":6},"end":{"line":50,"column":40}},{"start":{"line":51,"column":6},"end":{"line":51,"column":32}}]}},"s":{"0":1,"1":1,"2":1,"3":1,"4":1,"5":1,"6":1,"7":1,"8":1,"9":1,"10":1,"11":1,"12":0,"13":1,"14":1,"15":1,"16":1,"17":6,"18":6,"19":6,"20":1,"21":1,"22":0,"23":0,"24":0},"f":{"0":1,"1":1,"2":6,"3":6,"4":0,"5":0},"b":{"0":[3,3]}}
,"C:\\Users\\sidne\\Workspaces\\LP2_2022_2\\exemplo-dao-generico\\src\\models\\dao\\GenericDAO.ts": {"path":"C:\\Users\\sidne\\Workspaces\\LP2_2022_2\\exemplo-dao-generico\\src\\models\\dao\\GenericDAO.ts","statementMap":{"0":{"start":{"line":1,"column":0},"end":{"line":1,"column":46}},"1":{"start":{"line":9,"column":4},"end":{"line":9,"column":null}},"2":{"start":{"line":10,"column":4},"end":{"line":10,"column":null}},"3":{"start":{"line":14,"column":19},"end":{"line":14,"column":45}},"4":{"start":{"line":15,"column":21},"end":{"line":21,"column":null}},"5":{"start":{"line":17,"column":18},"end":{"line":17,"column":26}},"6":{"start":{"line":19,"column":20},"end":{"line":19,"column":35}},"7":{"start":{"line":23,"column":19},"end":{"line":23,"column":55}},"8":{"start":{"line":24,"column":21},"end":{"line":24,"column":39}},"9":{"start":{"line":25,"column":4},"end":{"line":25,"column":null}},"10":{"start":{"line":29,"column":21},"end":{"line":29,"column":68}},"11":{"start":{"line":30,"column":19},"end":{"line":30,"column":47}},"12":{"start":{"line":32,"column":21},"end":{"line":32,"column":27}},"13":{"start":{"line":33,"column":22},"end":{"line":37,"column":6}},"14":{"start":{"line":34,"column":23},"end":{"line":34,"column":41}},"15":{"start":{"line":35,"column":6},"end":{"line":35,"column":null}},"16":{"start":{"line":36,"column":6},"end":{"line":36,"column":null}},"17":{"start":{"line":39,"column":4},"end":{"line":39,"column":null}},"18":{"start":{"line":43,"column":4},"end":{"line":43,"column":null}},"19":{"start":{"line":47,"column":18},"end":{"line":47,"column":42}},"20":{"start":{"line":48,"column":19},"end":{"line":48,"column":56}},"21":{"start":{"line":48,"column":36},"end":{"line":48,"column":55}},"22":{"start":{"line":49,"column":4},"end":{"line":49,"column":null}},"23":{"start":{"line":4,"column":0},"end":{"line":4,"column":13}}},"fnMap":{"0":{"name":"(anonymous_7)","decl":{"start":{"line":8,"column":2},"end":{"line":8,"column":14}},"loc":{"start":{"line":8,"column":47},"end":{"line":11,"column":3}}},"1":{"name":"(anonymous_8)","decl":{"start":{"line":13,"column":8},"end":{"line":13,"column":12}},"loc":{"start":{"line":13,"column":19},"end":{"line":26,"column":null}}},"2":{"name":"(anonymous_10)","decl":{"start":{"line":17,"column":11},"end":{"line":17,"column":12}},"loc":{"start":{"line":17,"column":18},"end":{"line":17,"column":26}}},"3":{"name":"(anonymous_11)","decl":{"start":{"line":19,"column":6},"end":{"line":19,"column":7}},"loc":{"start":{"line":19,"column":20},"end":{"line":19,"column":35}}},"4":{"name":"(anonymous_12)","decl":{"start":{"line":28,"column":8},"end":{"line":28,"column":15}},"loc":{"start":{"line":28,"column":15},"end":{"line":40,"column":null}}},"5":{"name":"(anonymous_14)","decl":{"start":{"line":33,"column":31},"end":{"line":33,"column":32}},"loc":{"start":{"line":33,"column":37},"end":{"line":37,"column":5}}},"6":{"name":"(anonymous_15)","decl":{"start":{"line":42,"column":10},"end":{"line":42,"column":24}},"loc":{"start":{"line":42,"column":31},"end":{"line":44,"column":3}}},"7":{"name":"(anonymous_16)","decl":{"start":{"line":46,"column":10},"end":{"line":46,"column":26}},"loc":{"start":{"line":46,"column":33},"end":{"line":50,"column":3}}},"8":{"name":"(anonymous_17)","decl":{"start":{"line":48,"column":29},"end":{"line":48,"column":30}},"loc":{"start":{"line":48,"column":36},"end":{"line":48,"column":55}}}},"branchMap":{"0":{"loc":{"start":{"line":25,"column":11},"end":{"line":25,"column":80}},"type":"cond-expr","locations":[{"start":{"line":25,"column":34},"end":{"line":25,"column":73}},{"start":{"line":25,"column":76},"end":{"line":25,"column":80}}]}},"s":{"0":1,"1":1,"2":1,"3":3,"4":3,"5":6,"6":6,"7":3,"8":3,"9":3,"10":1,"11":1,"12":1,"13":1,"14":3,"15":3,"16":3,"17":1,"18":6,"19":3,"20":3,"21":6,"22":3,"23":1},"f":{"0":1,"1":3,"2":6,"3":6,"4":1,"5":3,"6":6,"7":3,"8":6},"b":{"0":[3,0]}}
,"C:\\Users\\sidne\\Workspaces\\LP2_2022_2\\exemplo-dao-generico\\src\\models\\entities\\Entity.ts": {"path":"C:\\Users\\sidne\\Workspaces\\LP2_2022_2\\exemplo-dao-generico\\src\\models\\entities\\Entity.ts","statementMap":{"0":{"start":{"line":1,"column":0},"end":{"line":1,"column":13}}},"fnMap":{},"branchMap":{},"s":{"0":1},"f":{},"b":{}}
,"C:\\Users\\sidne\\Workspaces\\LP2_2022_2\\exemplo-dao-generico\\src\\models\\entities\\User.ts": {"path":"C:\\Users\\sidne\\Workspaces\\LP2_2022_2\\exemplo-dao-generico\\src\\models\\entities\\User.ts","statementMap":{"0":{"start":{"line":1,"column":0},"end":{"line":1,"column":33}},"1":{"start":{"line":8,"column":4},"end":{"line":8,"column":null}},"2":{"start":{"line":9,"column":4},"end":{"line":9,"column":null}},"3":{"start":{"line":10,"column":4},"end":{"line":10,"column":null}},"4":{"start":{"line":3,"column":0},"end":{"line":3,"column":13}}},"fnMap":{"0":{"name":"(anonymous_0)","decl":{"start":{"line":7,"column":2},"end":{"line":7,"column":14}},"loc":{"start":{"line":7,"column":41},"end":{"line":11,"column":3}}}},"branchMap":{},"s":{"0":1,"1":9,"2":9,"3":9,"4":1},"f":{"0":9},"b":{}}
}
