TN:
SF:src\config\db.ts
FN:15,(anonymous_7)
FN:15,(anonymous_8)
FN:48,(anonymous_9)
FN:48,(anonymous_10)
FN:56,(anonymous_11)
FN:56,(anonymous_12)
FNF:6
FNH:4
FNDA:1,(anonymous_7)
FNDA:1,(anonymous_8)
FNDA:6,(anonymous_9)
FNDA:6,(anonymous_10)
FNDA:0,(anonymous_11)
FNDA:0,(anonymous_12)
DA:1,1
DA:2,1
DA:5,1
DA:7,1
DA:15,1
DA:16,1
DA:18,1
DA:19,1
DA:22,1
DA:30,1
DA:39,1
DA:41,0
DA:44,1
DA:45,1
DA:48,6
DA:49,6
DA:53,6
DA:56,1
DA:57,0
DA:58,0
LF:20
LH:17
BRDA:49,0,0,3
BRDA:49,0,1,3
BRF:2
BRH:2
end_of_record
TN:
SF:src\models\dao\GenericDAO.ts
FN:8,(anonymous_7)
FN:13,(anonymous_8)
FN:17,(anonymous_10)
FN:19,(anonymous_11)
FN:28,(anonymous_12)
FN:33,(anonymous_14)
FN:42,(anonymous_15)
FN:46,(anonymous_16)
FN:48,(anonymous_17)
FNF:9
FNH:9
FNDA:1,(anonymous_7)
FNDA:3,(anonymous_8)
FNDA:6,(anonymous_10)
FNDA:6,(anonymous_11)
FNDA:1,(anonymous_12)
FNDA:3,(anonymous_14)
FNDA:6,(anonymous_15)
FNDA:3,(anonymous_16)
FNDA:6,(anonymous_17)
DA:1,1
DA:4,1
DA:9,1
DA:10,1
DA:14,3
DA:15,3
DA:17,6
DA:19,6
DA:23,3
DA:24,3
DA:25,3
DA:29,1
DA:30,1
DA:32,1
DA:33,1
DA:34,3
DA:35,3
DA:36,3
DA:39,1
DA:43,6
DA:47,3
DA:48,6
DA:49,3
LF:23
LH:23
BRDA:25,0,0,3
BRDA:25,0,1,0
BRF:2
BRH:1
end_of_record
TN:
SF:src\models\entities\Entity.ts
FNF:0
FNH:0
DA:1,1
LF:1
LH:1
BRF:0
BRH:0
end_of_record
TN:
SF:src\models\entities\User.ts
FN:7,(anonymous_0)
FNF:1
FNH:1
FNDA:9,(anonymous_0)
DA:1,1
DA:3,1
DA:8,9
DA:9,9
DA:10,9
LF:5
LH:5
BRF:0
BRH:0
end_of_record
