TN:
SF:src\models\BankAccount.ts
FN:6,(anonymous_0)
FN:12,(anonymous_1)
FN:20,(anonymous_2)
FN:28,(anonymous_3)
FN:32,(anonymous_4)
FN:36,(anonymous_5)
FN:44,(anonymous_6)
FNF:7
FNH:7
FNDA:8,(anonymous_0)
FNDA:6,(anonymous_1)
FNDA:4,(anonymous_2)
FNDA:7,(anonymous_3)
FNDA:3,(anonymous_4)
FNDA:2,(anonymous_5)
FNDA:2,(anonymous_6)
DA:1,1
DA:7,8
DA:8,8
DA:9,8
DA:13,6
DA:14,5
DA:16,1
DA:21,4
DA:22,2
DA:24,2
DA:29,7
DA:33,3
DA:37,2
DA:38,1
DA:40,1
DA:45,2
DA:46,1
DA:48,1
LF:18
LH:18
BRDA:13,0,0,5
BRDA:13,0,1,1
BRDA:21,1,0,2
BRDA:21,1,1,2
BRDA:37,2,0,1
BRDA:37,2,1,1
BRDA:45,3,0,1
BRDA:45,3,1,1
BRF:8
BRH:8
end_of_record
